TN:
SF:lib\auth.js
FN:29,hashPassword
FN:40,verifyPassword
FN:54,generateToken
FN:64,verifyToken
FN:81,createUser
FN:111,(anonymous_5)
FN:131,findUserByIdentifier
FN:151,findUserByEmail
FN:161,findUserById
FN:181,updateUser
FN:196,(anonymous_10)
FN:228,deleteUser
FN:242,getAllUsers
FN:261,authMiddleware
FN:300,adminMiddleware
FN:323,superAdminMiddleware
FN:349,logAudit
FN:370,saveUsersToR2
FN:377,loadUsersFromR2
FNF:19
FNH:14
FNDA:10,hashPassword
FNDA:5,verifyPassword
FNDA:11,generateToken
FNDA:31,verifyToken
FNDA:10,createUser
FNDA:24,(anonymous_5)
FNDA:15,findUserByIdentifier
FNDA:5,findUserByEmail
FNDA:34,findUserById
FNDA:2,updateUser
FNDA:2,(anonymous_10)
FNDA:0,deleteUser
FNDA:0,getAllUsers
FNDA:55,authMiddleware
FNDA:6,adminMiddleware
FNDA:0,superAdminMiddleware
FNDA:4,logAudit
FNDA:0,saveUsersToR2
FNDA:0,loadUsersFromR2
DA:6,4
DA:7,4
DA:8,4
DA:10,4
DA:11,4
DA:12,4
DA:13,4
DA:16,4
DA:17,0
DA:30,10
DA:31,10
DA:41,5
DA:55,11
DA:56,11
DA:65,31
DA:66,31
DA:68,1
DA:82,10
DA:85,10
DA:86,0
DA:89,10
DA:90,10
DA:91,10
DA:92,10
DA:94,10
DA:95,0
DA:97,10
DA:101,10
DA:102,10
DA:103,1
DA:106,9
DA:109,9
DA:111,24
DA:116,9
DA:123,9
DA:132,15
DA:134,15
DA:136,15
DA:143,15
DA:152,5
DA:162,34
DA:164,34
DA:168,34
DA:172,34
DA:182,2
DA:183,0
DA:186,2
DA:187,2
DA:188,0
DA:192,2
DA:193,2
DA:194,1
DA:196,2
DA:203,2
DA:204,2
DA:205,1
DA:208,2
DA:220,2
DA:229,0
DA:231,0
DA:235,0
DA:243,0
DA:245,0
DA:251,0
DA:262,55
DA:264,55
DA:265,24
DA:268,31
DA:269,31
DA:271,31
DA:272,1
DA:275,30
DA:276,30
DA:277,30
DA:278,0
DA:282,30
DA:283,30
DA:285,0
DA:286,0
DA:302,6
DA:303,0
DA:307,6
DA:308,6
DA:309,6
DA:315,0
DA:324,0
DA:325,0
DA:328,0
DA:329,0
DA:335,0
DA:350,4
DA:352,4
DA:353,4
DA:359,0
DA:371,0
DA:378,0
DA:380,0
DA:381,0
DA:385,4
LF:99
LH:73
BRDA:16,0,0,0
BRDA:16,0,1,4
BRDA:54,1,0,9
BRDA:55,2,0,0
BRDA:55,2,1,11
BRDA:85,3,0,0
BRDA:85,3,1,10
BRDA:94,4,0,0
BRDA:94,4,1,10
BRDA:102,5,0,1
BRDA:102,5,1,9
BRDA:132,6,0,0
BRDA:132,6,1,15
BRDA:143,7,0,15
BRDA:143,7,1,11
BRDA:161,8,0,32
BRDA:162,9,0,0
BRDA:162,9,1,34
BRDA:164,10,0,2
BRDA:164,10,1,32
BRDA:172,11,0,34
BRDA:172,11,1,0
BRDA:182,12,0,0
BRDA:182,12,1,2
BRDA:187,13,0,0
BRDA:187,13,1,2
BRDA:193,14,0,1
BRDA:193,14,1,1
BRDA:204,15,0,1
BRDA:204,15,1,1
BRDA:217,16,0,2
BRDA:217,16,1,1
BRDA:217,17,0,2
BRDA:217,17,1,2
BRDA:229,18,0,0
BRDA:229,18,1,0
BRDA:243,19,0,0
BRDA:243,19,1,0
BRDA:264,20,0,24
BRDA:264,20,1,31
BRDA:264,21,0,55
BRDA:264,21,1,31
BRDA:271,22,0,1
BRDA:271,22,1,30
BRDA:277,23,0,0
BRDA:277,23,1,30
BRDA:302,24,0,0
BRDA:302,24,1,6
BRDA:308,25,0,6
BRDA:308,25,1,0
BRDA:324,26,0,0
BRDA:324,26,1,0
BRDA:328,27,0,0
BRDA:328,27,1,0
BRDA:349,28,0,0
BRDA:349,29,0,4
BRDA:350,30,0,0
BRDA:350,30,1,4
BRDA:380,31,0,0
BRDA:380,31,1,0
BRF:60
BRH:36
end_of_record
TN:
SF:lib\database.js
FN:27,(anonymous_0)
FN:31,(anonymous_1)
FN:41,query
FN:62,getClient
FN:70,testConnection
FN:86,close
FN:95,isConfigured
FNF:7
FNH:4
FNDA:5,(anonymous_0)
FNDA:0,(anonymous_1)
FNDA:88,query
FNDA:0,getClient
FNDA:1,testConnection
FNDA:0,close
FNDA:94,isConfigured
DA:6,5
DA:7,5
DA:10,5
DA:11,0
DA:12,0
DA:16,5
DA:27,5
DA:28,5
DA:31,5
DA:32,0
DA:42,88
DA:43,88
DA:44,88
DA:45,87
DA:47,87
DA:48,0
DA:51,87
DA:53,1
DA:54,1
DA:63,0
DA:71,1
DA:72,1
DA:73,1
DA:74,1
DA:75,1
DA:76,1
DA:78,0
DA:79,0
DA:87,0
DA:88,0
DA:96,94
DA:99,5
LF:32
LH:23
BRDA:10,0,0,0
BRDA:10,0,1,5
BRDA:21,1,0,5
BRDA:21,1,1,0
BRDA:22,2,0,5
BRDA:22,2,1,0
BRDA:23,3,0,5
BRDA:23,3,1,0
BRDA:47,4,0,0
BRDA:47,4,1,87
BRF:10
BRH:5
end_of_record
TN:
SF:lib\email.js
FN:37,createTransporter
FN:65,isConfigured
FN:73,verifyConnection
FN:99,sendEmail
FN:143,sendPasswordResetEmail
FN:214,sendWelcomeEmail
FNF:6
FNH:1
FNDA:4,createTransporter
FNDA:0,isConfigured
FNDA:0,verifyConnection
FNDA:0,sendEmail
FNDA:0,sendPasswordResetEmail
FNDA:0,sendWelcomeEmail
DA:14,4
DA:24,4
DA:38,4
DA:39,4
DA:40,4
DA:43,0
DA:55,4
DA:66,0
DA:74,0
DA:76,0
DA:77,0
DA:78,0
DA:79,0
DA:81,0
DA:82,0
DA:100,0
DA:102,0
DA:103,0
DA:104,0
DA:111,0
DA:112,0
DA:120,0
DA:121,0
DA:126,0
DA:127,0
DA:144,0
DA:146,0
DA:162,0
DA:205,0
DA:215,0
DA:217,0
DA:231,0
DA:238,4
LF:33
LH:7
BRDA:26,0,0,4
BRDA:26,0,1,4
BRDA:30,1,0,4
BRDA:30,1,1,4
BRDA:38,2,0,4
BRDA:38,2,1,0
BRDA:38,3,0,4
BRDA:38,3,1,0
BRDA:38,3,2,0
BRDA:74,4,0,0
BRDA:74,4,1,0
BRDA:100,5,0,0
BRDA:100,5,1,0
BRDA:117,6,0,0
BRDA:117,6,1,0
BRF:15
BRH:6
end_of_record
TN:
SF:lib\logger.js
FN:76,(anonymous_0)
FN:84,(anonymous_1)
FN:91,(anonymous_2)
FN:97,(anonymous_3)
FN:102,(anonymous_4)
FN:108,(anonymous_5)
FN:123,audit
FN:135,dbQuery
FN:150,apiError
FNF:9
FNH:0
FNDA:0,(anonymous_0)
FNDA:0,(anonymous_1)
FNDA:0,(anonymous_2)
FNDA:0,(anonymous_3)
FNDA:0,(anonymous_4)
FNDA:0,(anonymous_5)
FNDA:0,audit
FNDA:0,dbQuery
FNDA:0,apiError
DA:15,0
DA:21,0
DA:26,0
DA:46,0
DA:47,0
DA:60,0
DA:66,0
DA:72,0
DA:77,0
DA:78,0
DA:79,0
DA:84,0
DA:91,0
DA:98,0
DA:103,0
DA:110,0
DA:124,0
DA:136,0
DA:137,0
DA:151,0
DA:163,0
LF:21
LH:0
BRDA:27,0,0,0
BRDA:27,0,1,0
BRDA:27,1,0,0
BRDA:27,1,1,0
BRDA:46,2,0,0
BRDA:46,2,1,0
BRDA:77,3,0,0
BRDA:77,3,1,0
BRDA:77,4,0,0
BRDA:77,4,1,0
BRDA:78,5,0,0
BRDA:78,5,1,0
BRDA:110,6,0,0
BRDA:110,6,1,0
BRDA:136,7,0,0
BRDA:136,7,1,0
BRDA:150,8,0,0
BRDA:154,9,0,0
BRDA:154,9,1,0
BRF:19
BRH:0
end_of_record
TN:
SF:lib\r2.js
FN:25,uploadUserData
FN:43,downloadUserData
FN:70,uploadAvatar
FN:91,deleteUserData
FN:115,isConfigured
FNF:5
FNH:1
FNDA:0,uploadUserData
FNDA:0,downloadUserData
FNDA:0,uploadAvatar
FNDA:0,deleteUserData
FNDA:1,isConfigured
DA:6,1
DA:9,1
DA:18,1
DA:26,0
DA:27,0
DA:34,0
DA:35,0
DA:44,0
DA:46,0
DA:47,0
DA:52,0
DA:53,0
DA:54,0
DA:56,0
DA:57,0
DA:59,0
DA:71,0
DA:72,0
DA:74,0
DA:81,0
DA:84,0
DA:92,0
DA:99,0
DA:100,0
DA:101,0
DA:105,0
DA:116,1
DA:124,1
LF:28
LH:5
BRDA:56,0,0,0
BRDA:56,0,1,0
BRDA:71,1,0,0
BRDA:71,1,1,0
BRDA:117,2,0,1
BRDA:117,2,1,1
BRDA:117,2,2,1
BRDA:117,2,3,1
BRF:8
BRH:4
end_of_record
TN:
SF:lib\sessions.js
FN:32,generateSecureToken
FN:42,hashToken
FN:55,createRefreshToken
FN:82,validateRefreshToken
FN:106,revokeRefreshToken
FN:124,revokeAllUserSessions
FN:139,cleanExpiredSessions
FN:169,createPasswordResetToken
FN:205,validatePasswordResetToken
FN:239,markPasswordResetTokenUsed
FN:271,invalidatePasswordResetTokens
FNF:11
FNH:3
FNDA:0,generateSecureToken
FNDA:2,hashToken
FNDA:0,createRefreshToken
FNDA:1,validateRefreshToken
FNDA:0,revokeRefreshToken
FNDA:0,revokeAllUserSessions
FNDA:0,cleanExpiredSessions
FNDA:0,createPasswordResetToken
FNDA:1,validatePasswordResetToken
FNDA:0,markPasswordResetTokenUsed
FNDA:0,invalidatePasswordResetTokens
DA:10,4
DA:11,4
DA:18,4
DA:21,4
DA:33,0
DA:43,2
DA:56,0
DA:57,0
DA:60,0
DA:61,0
DA:62,0
DA:63,0
DA:65,0
DA:71,0
DA:83,1
DA:85,1
DA:87,1
DA:94,1
DA:95,1
DA:98,0
DA:107,0
DA:109,0
DA:111,0
DA:116,0
DA:125,0
DA:127,0
DA:132,0
DA:140,0
DA:142,0
DA:146,0
DA:147,0
DA:150,0
DA:170,0
DA:171,0
DA:175,0
DA:177,0
DA:178,0
DA:179,0
DA:180,0
DA:183,0
DA:194,0
DA:206,1
DA:208,1
DA:210,1
DA:217,1
DA:218,0
DA:221,0
DA:224,0
DA:231,1
DA:240,0
DA:242,0
DA:245,0
DA:252,0
DA:253,0
DA:254,0
DA:255,0
DA:259,0
DA:263,0
DA:272,0
DA:274,0
DA:281,0
DA:282,0
DA:283,0
DA:284,0
DA:296,4
LF:65
LH:16
BRDA:32,0,0,0
BRDA:56,1,0,0
BRDA:56,1,1,0
BRDA:83,2,0,0
BRDA:83,2,1,1
BRDA:94,3,0,1
BRDA:94,3,1,0
BRDA:107,4,0,0
BRDA:107,4,1,0
BRDA:125,5,0,0
BRDA:125,5,1,0
BRDA:140,6,0,0
BRDA:140,6,1,0
BRDA:146,7,0,0
BRDA:146,7,1,0
BRDA:170,8,0,0
BRDA:170,8,1,0
BRDA:206,9,0,0
BRDA:206,9,1,1
BRDA:221,10,0,0
BRDA:221,10,1,0
BRDA:221,11,0,0
BRDA:221,11,1,0
BRDA:221,11,2,0
BRDA:240,12,0,0
BRDA:240,12,1,0
BRDA:253,13,0,0
BRDA:253,13,1,0
BRDA:272,14,0,0
BRDA:272,14,1,0
BRDA:282,15,0,0
BRDA:282,15,1,0
BRF:32
BRH:3
end_of_record
TN:
SF:routes\admin.js
FN:44,(anonymous_0)
FN:128,(anonymous_1)
FN:200,(anonymous_2)
FN:237,(anonymous_3)
FN:283,(anonymous_4)
FN:348,(anonymous_5)
FN:428,(anonymous_6)
FN:459,(anonymous_7)
FN:512,(anonymous_8)
FN:551,(anonymous_9)
FN:596,(anonymous_10)
FN:663,(anonymous_11)
FN:687,(anonymous_12)
FN:730,(anonymous_13)
FN:770,(anonymous_14)
FN:817,(anonymous_15)
FN:867,(anonymous_16)
FNF:17
FNH:0
FNDA:0,(anonymous_0)
FNDA:0,(anonymous_1)
FNDA:0,(anonymous_2)
FNDA:0,(anonymous_3)
FNDA:0,(anonymous_4)
FNDA:0,(anonymous_5)
FNDA:0,(anonymous_6)
FNDA:0,(anonymous_7)
FNDA:0,(anonymous_8)
FNDA:0,(anonymous_9)
FNDA:0,(anonymous_10)
FNDA:0,(anonymous_11)
FNDA:0,(anonymous_12)
FNDA:0,(anonymous_13)
FNDA:0,(anonymous_14)
FNDA:0,(anonymous_15)
FNDA:0,(anonymous_16)
DA:13,1
DA:14,1
DA:15,1
DA:16,1
DA:24,1
DA:25,1
DA:44,1
DA:45,0
DA:46,0
DA:47,0
DA:51,0
DA:52,0
DA:53,0
DA:54,0
DA:57,0
DA:58,0
DA:59,0
DA:61,0
DA:62,0
DA:63,0
DA:66,0
DA:67,0
DA:68,0
DA:71,0
DA:72,0
DA:73,0
DA:74,0
DA:77,0
DA:82,0
DA:83,0
DA:86,0
DA:89,0
DA:93,0
DA:96,0
DA:106,0
DA:118,0
DA:119,0
DA:128,1
DA:129,0
DA:130,0
DA:131,0
DA:134,0
DA:137,0
DA:145,0
DA:146,0
DA:149,0
DA:152,0
DA:162,0
DA:170,0
DA:175,0
DA:185,0
DA:186,0
DA:200,1
DA:201,0
DA:202,0
DA:203,0
DA:206,0
DA:207,0
DA:210,0
DA:211,0
DA:215,0
DA:216,0
DA:222,0
DA:223,0
DA:227,0
DA:228,0
DA:229,0
DA:233,0
DA:234,0
DA:235,0
DA:237,0
DA:243,0
DA:257,0
DA:258,0
DA:262,0
DA:267,0
DA:273,0
DA:274,0
DA:283,1
DA:284,0
DA:285,0
DA:286,0
DA:289,0
DA:292,0
DA:293,0
DA:297,0
DA:302,0
DA:303,0
DA:306,0
DA:309,0
DA:310,0
DA:316,0
DA:319,0
DA:325,0
DA:335,0
DA:336,0
DA:348,1
DA:349,0
DA:350,0
DA:351,0
DA:355,0
DA:367,0
DA:375,0
DA:383,0
DA:395,0
DA:405,0
DA:415,0
DA:416,0
DA:428,1
DA:429,0
DA:430,0
DA:431,0
DA:434,0
DA:442,0
DA:445,0
DA:446,0
DA:459,1
DA:460,0
DA:461,0
DA:462,0
DA:465,0
DA:468,0
DA:469,0
DA:472,0
DA:473,0
DA:476,0
DA:477,0
DA:478,0
DA:483,0
DA:491,0
DA:497,0
DA:503,0
DA:504,0
DA:512,1
DA:513,0
DA:514,0
DA:515,0
DA:518,0
DA:519,0
DA:521,0
DA:532,0
DA:533,0
DA:536,0
DA:542,0
DA:543,0
DA:551,1
DA:552,0
DA:553,0
DA:554,0
DA:557,0
DA:562,0
DA:563,0
DA:566,0
DA:571,0
DA:577,0
DA:578,0
DA:596,1
DA:597,0
DA:598,0
DA:599,0
DA:602,0
DA:603,0
DA:604,0
DA:605,0
DA:608,0
DA:609,0
DA:610,0
DA:612,0
DA:613,0
DA:614,0
DA:617,0
DA:618,0
DA:619,0
DA:622,0
DA:623,0
DA:624,0
DA:627,0
DA:628,0
DA:629,0
DA:632,0
DA:637,0
DA:641,0
DA:644,0
DA:657,0
DA:661,0
DA:663,0
DA:674,0
DA:675,0
DA:687,1
DA:688,0
DA:689,0
DA:690,0
DA:693,0
DA:695,0
DA:696,0
DA:699,0
DA:706,0
DA:707,0
DA:710,0
DA:715,0
DA:721,0
DA:722,0
DA:730,1
DA:731,0
DA:732,0
DA:733,0
DA:736,0
DA:738,0
DA:745,0
DA:746,0
DA:749,0
DA:754,0
DA:760,0
DA:761,0
DA:770,1
DA:771,0
DA:772,0
DA:773,0
DA:776,0
DA:777,0
DA:780,0
DA:781,0
DA:784,0
DA:791,0
DA:792,0
DA:795,0
DA:801,0
DA:807,0
DA:808,0
DA:817,1
DA:818,0
DA:819,0
DA:820,0
DA:823,0
DA:826,0
DA:827,0
DA:830,0
DA:837,0
DA:838,0
DA:841,0
DA:846,0
DA:852,0
DA:853,0
DA:867,1
DA:868,0
DA:869,0
DA:870,0
DA:873,0
DA:874,0
DA:877,0
DA:882,0
DA:883,0
DA:886,0
DA:889,0
DA:890,0
DA:896,0
DA:897,0
DA:898,0
DA:902,0
DA:903,0
DA:907,0
DA:908,0
DA:914,0
DA:920,0
DA:934,0
DA:935,0
DA:939,1
LF:267
LH:22
BRDA:46,0,0,0
BRDA:46,0,1,0
BRDA:51,1,0,0
BRDA:51,1,1,0
BRDA:52,2,0,0
BRDA:52,2,1,0
BRDA:54,3,0,0
BRDA:54,4,0,0
BRDA:61,5,0,0
BRDA:61,5,1,0
BRDA:61,6,0,0
BRDA:61,6,1,0
BRDA:66,7,0,0
BRDA:66,7,1,0
BRDA:66,8,0,0
BRDA:66,8,1,0
BRDA:71,9,0,0
BRDA:71,9,1,0
BRDA:77,10,0,0
BRDA:77,10,1,0
BRDA:83,11,0,0
BRDA:83,11,1,0
BRDA:86,12,0,0
BRDA:86,12,1,0
BRDA:130,13,0,0
BRDA:130,13,1,0
BRDA:145,14,0,0
BRDA:145,14,1,0
BRDA:178,15,0,0
BRDA:178,15,1,0
BRDA:202,16,0,0
BRDA:202,16,1,0
BRDA:210,17,0,0
BRDA:210,17,1,0
BRDA:210,18,0,0
BRDA:210,18,1,0
BRDA:215,19,0,0
BRDA:215,19,1,0
BRDA:215,20,0,0
BRDA:215,20,1,0
BRDA:215,20,2,0
BRDA:222,21,0,0
BRDA:222,21,1,0
BRDA:222,22,0,0
BRDA:222,22,1,0
BRDA:228,23,0,0
BRDA:228,23,1,0
BRDA:228,24,0,0
BRDA:228,24,1,0
BRDA:234,25,0,0
BRDA:234,25,1,0
BRDA:257,26,0,0
BRDA:257,26,1,0
BRDA:285,27,0,0
BRDA:285,27,1,0
BRDA:292,28,0,0
BRDA:292,28,1,0
BRDA:302,29,0,0
BRDA:302,29,1,0
BRDA:309,30,0,0
BRDA:309,30,1,0
BRDA:309,31,0,0
BRDA:309,31,1,0
BRDA:350,32,0,0
BRDA:350,32,1,0
BRDA:430,33,0,0
BRDA:430,33,1,0
BRDA:461,34,0,0
BRDA:461,34,1,0
BRDA:465,35,0,0
BRDA:468,36,0,0
BRDA:468,36,1,0
BRDA:468,37,0,0
BRDA:468,37,1,0
BRDA:472,38,0,0
BRDA:472,38,1,0
BRDA:472,39,0,0
BRDA:472,39,1,0
BRDA:477,40,0,0
BRDA:477,40,1,0
BRDA:514,41,0,0
BRDA:514,41,1,0
BRDA:532,42,0,0
BRDA:532,42,1,0
BRDA:553,43,0,0
BRDA:553,43,1,0
BRDA:562,44,0,0
BRDA:562,44,1,0
BRDA:598,45,0,0
BRDA:598,45,1,0
BRDA:602,46,0,0
BRDA:602,46,1,0
BRDA:603,47,0,0
BRDA:603,47,1,0
BRDA:612,48,0,0
BRDA:612,48,1,0
BRDA:617,49,0,0
BRDA:617,49,1,0
BRDA:622,50,0,0
BRDA:622,50,1,0
BRDA:627,51,0,0
BRDA:627,51,1,0
BRDA:632,52,0,0
BRDA:632,52,1,0
BRDA:689,53,0,0
BRDA:689,53,1,0
BRDA:695,54,0,0
BRDA:695,54,1,0
BRDA:706,55,0,0
BRDA:706,55,1,0
BRDA:732,56,0,0
BRDA:732,56,1,0
BRDA:745,57,0,0
BRDA:745,57,1,0
BRDA:772,58,0,0
BRDA:772,58,1,0
BRDA:777,59,0,0
BRDA:780,60,0,0
BRDA:780,60,1,0
BRDA:791,61,0,0
BRDA:791,61,1,0
BRDA:819,62,0,0
BRDA:819,62,1,0
BRDA:826,63,0,0
BRDA:826,63,1,0
BRDA:837,64,0,0
BRDA:837,64,1,0
BRDA:869,65,0,0
BRDA:869,65,1,0
BRDA:882,66,0,0
BRDA:882,66,1,0
BRDA:889,67,0,0
BRDA:889,67,1,0
BRDA:889,68,0,0
BRDA:889,68,1,0
BRDA:896,69,0,0
BRDA:896,69,1,0
BRDA:902,70,0,0
BRDA:902,70,1,0
BRDA:929,71,0,0
BRDA:929,71,1,0
BRF:141
BRH:0
end_of_record
TN:
SF:routes\auth.js
FN:24,(anonymous_0)
FN:38,(anonymous_1)
FN:70,(anonymous_2)
FN:109,(anonymous_3)
FN:117,(anonymous_4)
FN:141,(anonymous_5)
FN:173,(anonymous_6)
FN:193,(anonymous_7)
FN:224,(anonymous_8)
FN:254,(anonymous_9)
FN:312,(anonymous_10)
FN:372,(anonymous_11)
FN:417,(anonymous_12)
FN:439,(anonymous_13)
FN:462,(anonymous_14)
FN:509,(anonymous_15)
FN:522,(anonymous_16)
FN:551,(anonymous_17)
FNF:18
FNH:9
FNDA:0,(anonymous_0)
FNDA:10,(anonymous_1)
FNDA:4,(anonymous_2)
FNDA:1,(anonymous_3)
FNDA:1,(anonymous_4)
FNDA:0,(anonymous_5)
FNDA:0,(anonymous_6)
FNDA:2,(anonymous_7)
FNDA:0,(anonymous_8)
FNDA:2,(anonymous_9)
FNDA:2,(anonymous_10)
FNDA:2,(anonymous_11)
FNDA:1,(anonymous_12)
FNDA:0,(anonymous_13)
FNDA:0,(anonymous_14)
FNDA:0,(anonymous_15)
FNDA:0,(anonymous_16)
FNDA:0,(anonymous_17)
DA:6,4
DA:7,4
DA:8,4
DA:9,4
DA:18,4
DA:21,4
DA:25,0
DA:26,0
DA:27,0
DA:29,0
DA:38,4
DA:39,10
DA:40,10
DA:43,10
DA:46,9
DA:49,9
DA:56,1
DA:57,1
DA:59,0
DA:60,0
DA:70,4
DA:71,4
DA:72,4
DA:75,4
DA:76,4
DA:77,1
DA:81,3
DA:82,3
DA:83,1
DA:87,2
DA:90,2
DA:92,2
DA:99,0
DA:100,0
DA:109,4
DA:110,1
DA:117,4
DA:118,1
DA:119,1
DA:120,1
DA:122,1
DA:125,1
DA:127,1
DA:132,0
DA:133,0
DA:141,4
DA:142,0
DA:143,0
DA:144,0
DA:153,0
DA:156,0
DA:158,0
DA:164,0
DA:165,0
DA:173,4
DA:174,0
DA:176,0
DA:179,0
DA:184,0
DA:185,0
DA:193,4
DA:194,2
DA:195,2
DA:198,2
DA:199,2
DA:200,0
DA:204,2
DA:205,2
DA:206,1
DA:210,1
DA:213,1
DA:215,0
DA:216,0
DA:224,4
DA:225,0
DA:226,0
DA:230,0
DA:232,0
DA:234,0
DA:235,0
DA:243,4
DA:244,4
DA:254,4
DA:255,2
DA:256,2
DA:258,2
DA:259,1
DA:263,1
DA:267,1
DA:269,0
DA:275,0
DA:276,0
DA:279,0
DA:287,0
DA:293,1
DA:298,0
DA:300,0
DA:312,4
DA:313,2
DA:314,2
DA:316,2
DA:317,1
DA:322,1
DA:323,0
DA:329,1
DA:331,1
DA:332,1
DA:338,0
DA:339,0
DA:342,0
DA:345,0
DA:348,0
DA:352,0
DA:357,0
DA:358,0
DA:372,4
DA:373,2
DA:374,2
DA:376,2
DA:377,1
DA:381,1
DA:383,1
DA:384,1
DA:390,0
DA:392,0
DA:393,0
DA:397,0
DA:399,0
DA:406,0
DA:407,0
DA:417,4
DA:418,1
DA:419,1
DA:421,1
DA:422,0
DA:425,1
DA:428,0
DA:430,0
DA:439,4
DA:440,0
DA:441,0
DA:443,0
DA:447,0
DA:453,0
DA:454,0
DA:462,4
DA:463,0
DA:464,0
DA:465,0
DA:467,0
DA:468,0
DA:472,0
DA:473,0
DA:475,0
DA:476,0
DA:482,0
DA:485,0
DA:486,0
DA:495,0
DA:497,0
DA:500,0
DA:501,0
DA:509,4
DA:510,0
DA:511,0
DA:513,0
DA:514,0
DA:517,0
DA:522,0
DA:524,0
DA:525,0
DA:529,0
DA:530,0
DA:535,0
DA:536,0
DA:539,0
DA:542,0
DA:543,0
DA:551,4
DA:552,0
DA:553,0
DA:555,0
DA:556,0
DA:559,0
DA:560,0
DA:563,0
DA:564,0
DA:566,0
DA:567,0
DA:571,0
DA:572,0
DA:577,0
DA:579,0
DA:580,0
DA:584,0
DA:586,0
DA:587,0
DA:591,0
DA:592,0
DA:598,0
DA:600,0
DA:602,0
DA:605,0
DA:606,0
DA:610,4
LF:205
LH:85
BRDA:26,0,0,0
BRDA:26,0,1,0
BRDA:56,1,0,1
BRDA:56,1,1,0
BRDA:56,2,0,1
BRDA:56,2,1,0
BRDA:76,3,0,1
BRDA:76,3,1,3
BRDA:82,4,0,1
BRDA:82,4,1,2
BRDA:122,5,0,1
BRDA:122,5,1,0
BRDA:143,6,0,0
BRDA:143,6,1,0
BRDA:199,7,0,0
BRDA:199,7,1,2
BRDA:205,8,0,1
BRDA:205,8,1,1
BRDA:258,9,0,1
BRDA:258,9,1,1
BRDA:267,10,0,0
BRDA:267,10,1,1
BRDA:275,11,0,0
BRDA:275,11,1,0
BRDA:281,12,0,0
BRDA:281,12,1,0
BRDA:316,13,0,1
BRDA:316,13,1,1
BRDA:316,14,0,2
BRDA:316,14,1,1
BRDA:322,15,0,0
BRDA:322,15,1,1
BRDA:331,16,0,1
BRDA:331,16,1,0
BRDA:376,17,0,1
BRDA:376,17,1,1
BRDA:383,18,0,1
BRDA:383,18,1,0
BRDA:392,19,0,0
BRDA:392,19,1,0
BRDA:421,20,0,0
BRDA:421,20,1,1
BRDA:467,21,0,0
BRDA:467,21,1,0
BRDA:467,22,0,0
BRDA:467,22,1,0
BRDA:467,22,2,0
BRDA:475,23,0,0
BRDA:475,23,1,0
BRDA:513,24,0,0
BRDA:513,24,1,0
BRDA:524,25,0,0
BRDA:524,25,1,0
BRDA:535,26,0,0
BRDA:535,26,1,0
BRDA:535,27,0,0
BRDA:535,27,1,0
BRDA:555,28,0,0
BRDA:555,28,1,0
BRDA:555,29,0,0
BRDA:555,29,1,0
BRDA:555,29,2,0
BRDA:559,30,0,0
BRDA:559,30,1,0
BRDA:564,31,0,0
BRDA:564,31,1,0
BRDA:579,32,0,0
BRDA:579,32,1,0
BRDA:586,33,0,0
BRDA:586,33,1,0
BRF:70
BRH:23
end_of_record
TN:
SF:routes\feedback.js
FN:19,(anonymous_0)
FN:79,(anonymous_1)
FN:129,(anonymous_2)
FN:153,(anonymous_3)
FN:189,(anonymous_4)
FNF:5
FNH:0
FNDA:0,(anonymous_0)
FNDA:0,(anonymous_1)
FNDA:0,(anonymous_2)
FNDA:0,(anonymous_3)
FNDA:0,(anonymous_4)
DA:6,0
DA:7,0
DA:8,0
DA:9,0
DA:19,0
DA:20,0
DA:21,0
DA:24,0
DA:25,0
DA:29,0
DA:30,0
DA:31,0
DA:35,0
DA:36,0
DA:40,0
DA:41,0
DA:42,0
DA:43,0
DA:44,0
DA:45,0
DA:46,0
DA:53,0
DA:59,0
DA:66,0
DA:67,0
DA:79,0
DA:80,0
DA:81,0
DA:83,0
DA:93,0
DA:95,0
DA:96,0
DA:97,0
DA:100,0
DA:101,0
DA:103,0
DA:106,0
DA:107,0
DA:108,0
DA:110,0
DA:112,0
DA:120,0
DA:121,0
DA:129,0
DA:130,0
DA:131,0
DA:141,0
DA:144,0
DA:145,0
DA:153,0
DA:154,0
DA:155,0
DA:156,0
DA:158,0
DA:159,0
DA:160,0
DA:163,0
DA:173,0
DA:174,0
DA:177,0
DA:180,0
DA:181,0
DA:189,0
DA:190,0
DA:191,0
DA:193,0
DA:195,0
DA:196,0
DA:199,0
DA:202,0
DA:203,0
DA:207,0
LF:72
LH:0
BRDA:24,0,0,0
BRDA:24,0,1,0
BRDA:24,1,0,0
BRDA:24,1,1,0
BRDA:24,1,2,0
BRDA:30,2,0,0
BRDA:30,2,1,0
BRDA:35,3,0,0
BRDA:35,3,1,0
BRDA:35,4,0,0
BRDA:35,4,1,0
BRDA:35,4,2,0
BRDA:42,5,0,0
BRDA:42,5,1,0
BRDA:42,6,0,0
BRDA:42,6,1,0
BRDA:57,7,0,0
BRDA:57,7,1,0
BRDA:57,8,0,0
BRDA:57,8,1,0
BRDA:57,9,0,0
BRDA:57,9,1,0
BRDA:81,10,0,0
BRDA:81,11,0,0
BRDA:95,12,0,0
BRDA:95,12,1,0
BRDA:107,13,0,0
BRDA:107,13,1,0
BRDA:110,14,0,0
BRDA:110,14,1,0
BRDA:159,15,0,0
BRDA:159,15,1,0
BRDA:173,16,0,0
BRDA:173,16,1,0
BRDA:195,17,0,0
BRDA:195,17,1,0
BRF:36
BRH:0
end_of_record
TN:
SF:routes\goals.js
FN:30,(anonymous_0)
FN:80,(anonymous_1)
FN:121,(anonymous_2)
FN:135,(anonymous_3)
FN:142,(anonymous_4)
FN:160,(anonymous_5)
FN:186,(anonymous_6)
FN:217,(anonymous_7)
FN:325,(anonymous_8)
FN:361,(anonymous_9)
FN:392,(anonymous_10)
FN:430,(anonymous_11)
FNF:12
FNH:0
FNDA:0,(anonymous_0)
FNDA:0,(anonymous_1)
FNDA:0,(anonymous_2)
FNDA:0,(anonymous_3)
FNDA:0,(anonymous_4)
FNDA:0,(anonymous_5)
FNDA:0,(anonymous_6)
FNDA:0,(anonymous_7)
FNDA:0,(anonymous_8)
FNDA:0,(anonymous_9)
FNDA:0,(anonymous_10)
FNDA:0,(anonymous_11)
DA:6,0
DA:7,0
DA:8,0
DA:9,0
DA:17,0
DA:20,0
DA:30,0
DA:31,0
DA:32,0
DA:34,0
DA:41,0
DA:42,0
DA:44,0
DA:45,0
DA:46,0
DA:47,0
DA:50,0
DA:51,0
DA:52,0
DA:53,0
DA:56,0
DA:57,0
DA:58,0
DA:59,0
DA:62,0
DA:64,0
DA:66,0
DA:71,0
DA:72,0
DA:80,0
DA:81,0
DA:82,0
DA:94,0
DA:104,0
DA:109,0
DA:121,0
DA:122,0
DA:128,0
DA:129,0
DA:130,0
DA:134,0
DA:135,0
DA:136,0
DA:138,0
DA:142,0
DA:143,0
DA:149,0
DA:151,0
DA:152,0
DA:160,0
DA:161,0
DA:162,0
DA:171,0
DA:172,0
DA:175,0
DA:177,0
DA:178,0
DA:186,0
DA:187,0
DA:188,0
DA:191,0
DA:201,0
DA:203,0
DA:208,0
DA:209,0
DA:217,0
DA:218,0
DA:219,0
DA:222,0
DA:227,0
DA:228,0
DA:232,0
DA:233,0
DA:234,0
DA:236,0
DA:237,0
DA:238,0
DA:239,0
DA:241,0
DA:242,0
DA:243,0
DA:244,0
DA:246,0
DA:247,0
DA:248,0
DA:250,0
DA:251,0
DA:252,0
DA:254,0
DA:255,0
DA:256,0
DA:258,0
DA:259,0
DA:260,0
DA:262,0
DA:263,0
DA:264,0
DA:265,0
DA:267,0
DA:268,0
DA:269,0
DA:271,0
DA:272,0
DA:273,0
DA:275,0
DA:276,0
DA:277,0
DA:278,0
DA:280,0
DA:281,0
DA:282,0
DA:284,0
DA:285,0
DA:286,0
DA:288,0
DA:289,0
DA:290,0
DA:291,0
DA:294,0
DA:295,0
DA:298,0
DA:299,0
DA:300,0
DA:302,0
DA:311,0
DA:316,0
DA:317,0
DA:325,0
DA:326,0
DA:327,0
DA:329,0
DA:330,0
DA:334,0
DA:336,0
DA:343,0
DA:344,0
DA:347,0
DA:352,0
DA:353,0
DA:361,0
DA:362,0
DA:363,0
DA:368,0
DA:369,0
DA:372,0
DA:374,0
DA:379,0
DA:380,0
DA:392,0
DA:393,0
DA:394,0
DA:396,0
DA:404,0
DA:406,0
DA:407,0
DA:408,0
DA:411,0
DA:412,0
DA:414,0
DA:416,0
DA:421,0
DA:422,0
DA:430,0
DA:431,0
DA:432,0
DA:435,0
DA:436,0
DA:438,0
DA:439,0
DA:442,0
DA:452,0
DA:454,0
DA:459,0
DA:460,0
DA:464,0
LF:175
LH:0
BRDA:44,0,0,0
BRDA:44,0,1,0
BRDA:44,1,0,0
BRDA:44,1,1,0
BRDA:50,2,0,0
BRDA:50,2,1,0
BRDA:50,3,0,0
BRDA:50,3,1,0
BRDA:56,4,0,0
BRDA:56,4,1,0
BRDA:56,5,0,0
BRDA:56,5,1,0
BRDA:126,6,0,0
BRDA:126,6,1,0
BRDA:134,7,0,0
BRDA:134,7,1,0
BRDA:136,8,0,0
BRDA:136,8,1,0
BRDA:171,9,0,0
BRDA:171,9,1,0
BRDA:197,10,0,0
BRDA:197,10,1,0
BRDA:197,11,0,0
BRDA:197,11,1,0
BRDA:197,12,0,0
BRDA:197,12,1,0
BRDA:197,13,0,0
BRDA:197,13,1,0
BRDA:227,14,0,0
BRDA:227,14,1,0
BRDA:236,15,0,0
BRDA:236,15,1,0
BRDA:241,16,0,0
BRDA:241,16,1,0
BRDA:246,17,0,0
BRDA:246,17,1,0
BRDA:247,18,0,0
BRDA:247,18,1,0
BRDA:254,19,0,0
BRDA:254,19,1,0
BRDA:255,20,0,0
BRDA:255,20,1,0
BRDA:262,21,0,0
BRDA:262,21,1,0
BRDA:267,22,0,0
BRDA:267,22,1,0
BRDA:268,23,0,0
BRDA:268,23,1,0
BRDA:268,24,0,0
BRDA:268,24,1,0
BRDA:275,25,0,0
BRDA:275,25,1,0
BRDA:280,26,0,0
BRDA:280,26,1,0
BRDA:281,27,0,0
BRDA:281,27,1,0
BRDA:288,28,0,0
BRDA:288,28,1,0
BRDA:294,29,0,0
BRDA:294,29,1,0
BRDA:329,30,0,0
BRDA:329,30,1,0
BRDA:329,31,0,0
BRDA:329,31,1,0
BRDA:329,31,2,0
BRDA:334,32,0,0
BRDA:334,32,1,0
BRDA:343,33,0,0
BRDA:343,33,1,0
BRDA:348,34,0,0
BRDA:348,34,1,0
BRDA:368,35,0,0
BRDA:368,35,1,0
BRDA:394,36,0,0
BRDA:406,37,0,0
BRDA:406,37,1,0
BRDA:406,38,0,0
BRDA:406,38,1,0
BRDA:435,39,0,0
BRDA:435,39,1,0
BRDA:438,40,0,0
BRDA:438,40,1,0
BRDA:438,41,0,0
BRDA:438,41,1,0
BRDA:449,42,0,0
BRDA:449,42,1,0
BRDA:449,43,0,0
BRDA:449,43,1,0
BRDA:449,44,0,0
BRDA:449,44,1,0
BRDA:449,45,0,0
BRDA:449,45,1,0
BRDA:449,46,0,0
BRDA:449,46,1,0
BRDA:449,47,0,0
BRDA:449,47,1,0
BRDA:449,48,0,0
BRDA:449,48,1,0
BRF:98
BRH:0
end_of_record
TN:
SF:routes\relationships.js
FN:41,(anonymous_0)
FN:123,(anonymous_1)
FN:162,(anonymous_2)
FN:197,(anonymous_3)
FN:291,(anonymous_4)
FN:375,(anonymous_5)
FN:411,(anonymous_6)
FNF:7
FNH:7
FNDA:4,(anonymous_0)
FNDA:1,(anonymous_1)
FNDA:3,(anonymous_2)
FNDA:3,(anonymous_3)
FNDA:1,(anonymous_4)
FNDA:1,(anonymous_5)
FNDA:1,(anonymous_6)
DA:7,1
DA:8,1
DA:9,1
DA:10,1
DA:13,1
DA:26,1
DA:41,1
DA:42,4
DA:43,4
DA:44,0
DA:47,4
DA:49,4
DA:57,4
DA:60,4
DA:61,1
DA:62,1
DA:66,4
DA:67,1
DA:68,1
DA:72,4
DA:73,1
DA:76,4
DA:78,4
DA:81,4
DA:82,4
DA:83,2
DA:84,0
DA:85,0
DA:87,0
DA:92,4
DA:93,4
DA:94,2
DA:95,2
DA:96,2
DA:98,2
DA:101,4
DA:110,0
DA:111,0
DA:123,1
DA:124,1
DA:125,1
DA:126,0
DA:129,1
DA:147,1
DA:149,0
DA:150,0
DA:162,1
DA:163,3
DA:164,3
DA:165,0
DA:168,3
DA:178,3
DA:179,2
DA:182,1
DA:184,0
DA:185,0
DA:197,1
DA:198,3
DA:199,3
DA:200,0
DA:215,3
DA:218,3
DA:219,1
DA:222,2
DA:223,1
DA:226,1
DA:227,0
DA:234,1
DA:235,0
DA:241,1
DA:267,1
DA:273,1
DA:278,0
DA:279,0
DA:291,1
DA:292,1
DA:293,1
DA:294,0
DA:309,1
DA:312,1
DA:317,1
DA:318,0
DA:321,1
DA:357,1
DA:362,0
DA:363,0
DA:375,1
DA:376,1
DA:377,1
DA:378,0
DA:381,1
DA:389,1
DA:390,0
DA:393,1
DA:398,0
DA:399,0
DA:411,1
DA:412,1
DA:413,1
DA:414,0
DA:417,1
DA:422,1
DA:423,0
DA:427,1
DA:432,1
DA:437,0
DA:438,0
DA:442,1
LF:108
LH:79
BRDA:43,0,0,0
BRDA:43,0,1,4
BRDA:60,1,0,1
BRDA:60,1,1,3
BRDA:60,2,0,4
BRDA:60,2,1,1
BRDA:66,3,0,1
BRDA:66,3,1,3
BRDA:66,4,0,4
BRDA:66,4,1,1
BRDA:72,5,0,1
BRDA:72,5,1,3
BRDA:83,6,0,0
BRDA:83,6,1,2
BRDA:84,7,0,0
BRDA:84,7,1,0
BRDA:95,8,0,2
BRDA:95,8,1,0
BRDA:125,9,0,0
BRDA:125,9,1,1
BRDA:164,10,0,0
BRDA:164,10,1,3
BRDA:178,11,0,2
BRDA:178,11,1,1
BRDA:199,12,0,0
BRDA:199,12,1,3
BRDA:218,13,0,1
BRDA:218,13,1,2
BRDA:218,14,0,3
BRDA:218,14,1,2
BRDA:222,15,0,1
BRDA:222,15,1,1
BRDA:222,16,0,2
BRDA:222,16,1,1
BRDA:226,17,0,0
BRDA:226,17,1,1
BRDA:226,18,0,1
BRDA:226,18,1,1
BRDA:234,19,0,0
BRDA:234,19,1,1
BRDA:234,20,0,1
BRDA:234,20,1,1
BRDA:255,21,0,1
BRDA:255,21,1,0
BRDA:256,22,0,0
BRDA:256,22,1,1
BRDA:257,23,0,1
BRDA:257,23,1,1
BRDA:258,24,0,1
BRDA:258,24,1,1
BRDA:259,25,0,1
BRDA:259,25,1,1
BRDA:260,26,0,1
BRDA:260,26,1,1
BRDA:261,27,0,1
BRDA:261,27,1,0
BRDA:262,28,0,1
BRDA:262,28,1,1
BRDA:293,29,0,0
BRDA:293,29,1,1
BRDA:317,30,0,0
BRDA:317,30,1,1
BRDA:344,31,0,1
BRDA:344,31,1,1
BRDA:345,32,0,0
BRDA:345,32,1,1
BRDA:377,33,0,0
BRDA:377,33,1,1
BRDA:389,34,0,0
BRDA:389,34,1,1
BRDA:394,35,0,1
BRDA:394,35,1,0
BRDA:413,36,0,0
BRDA:413,36,1,1
BRDA:422,37,0,0
BRDA:422,37,1,1
BRF:76
BRH:55
end_of_record
TN:
SF:routes\sync.js
FN:21,getUserDataFromDB
FN:43,saveUserDataToDB
FN:64,(anonymous_2)
FN:122,(anonymous_3)
FN:213,(anonymous_4)
FN:267,(anonymous_5)
FNF:6
FNH:6
FNDA:3,getUserDataFromDB
FNDA:2,saveUserDataToDB
FNDA:1,(anonymous_2)
FNDA:2,(anonymous_3)
FNDA:1,(anonymous_4)
FNDA:1,(anonymous_5)
DA:6,1
DA:7,1
DA:8,1
DA:9,1
DA:10,1
DA:22,3
DA:24,3
DA:29,3
DA:31,1
DA:44,2
DA:53,2
DA:64,1
DA:65,1
DA:67,1
DA:68,1
DA:70,1
DA:71,1
DA:79,0
DA:88,0
DA:89,0
DA:95,0
DA:97,0
DA:98,0
DA:106,0
DA:113,0
DA:114,0
DA:122,1
DA:123,2
DA:124,2
DA:126,2
DA:127,1
DA:131,1
DA:133,1
DA:135,1
DA:136,0
DA:137,0
DA:140,0
DA:141,0
DA:151,1
DA:154,1
DA:158,1
DA:166,0
DA:167,0
DA:174,0
DA:176,0
DA:177,0
DA:178,0
DA:180,0
DA:181,0
DA:190,0
DA:196,0
DA:198,0
DA:204,0
DA:205,0
DA:213,1
DA:214,1
DA:215,1
DA:217,1
DA:218,0
DA:222,1
DA:223,1
DA:225,1
DA:229,1
DA:237,0
DA:238,0
DA:244,0
DA:250,0
DA:252,0
DA:258,0
DA:259,0
DA:267,1
DA:268,1
DA:269,1
DA:270,1
DA:271,1
DA:272,1
DA:274,1
DA:275,1
DA:276,1
DA:277,1
DA:278,1
DA:280,0
DA:281,0
DA:282,0
DA:283,0
DA:284,0
DA:288,1
DA:297,0
DA:298,0
DA:302,1
LF:90
LH:49
BRDA:22,0,0,0
BRDA:22,0,1,3
BRDA:29,1,0,2
BRDA:29,1,1,1
BRDA:67,2,0,1
BRDA:67,2,1,0
BRDA:70,3,0,1
BRDA:70,3,1,0
BRDA:88,4,0,0
BRDA:88,4,1,0
BRDA:97,5,0,0
BRDA:97,5,1,0
BRDA:126,6,0,1
BRDA:126,6,1,1
BRDA:131,7,0,1
BRDA:131,7,1,0
BRDA:135,8,0,0
BRDA:135,8,1,1
BRDA:135,9,0,1
BRDA:135,9,1,0
BRDA:140,10,0,0
BRDA:140,10,1,0
BRDA:166,11,0,0
BRDA:166,11,1,0
BRDA:176,12,0,0
BRDA:176,12,1,0
BRDA:176,13,0,0
BRDA:176,13,1,0
BRDA:180,14,0,0
BRDA:180,14,1,0
BRDA:217,15,0,0
BRDA:217,15,1,1
BRDA:222,16,0,1
BRDA:222,16,1,0
BRDA:237,17,0,0
BRDA:237,17,1,0
BRDA:274,18,0,1
BRDA:274,18,1,0
BRDA:276,19,0,1
BRDA:276,19,1,0
BRDA:280,20,0,0
BRDA:280,20,1,0
BRDA:282,21,0,0
BRDA:282,21,1,0
BRDA:289,22,0,1
BRDA:289,22,1,0
BRF:46
BRH:15
end_of_record
